<?xml version="1.0" encoding="UTF-8"?>
<!-- Generated by org.testng.reporters.JUnitReportReporter -->
<testsuite hostname="Anjali" failures="0" tests="3" name="com.example.api.ApiTest" time="1.818" errors="0" timestamp="2024-12-01T18:18:02 GMT-05:00" skipped="0">
  <testcase classname="com.example.api.ApiTest" name="testGetRequest" time="1.512"/>
  <system-out/>
  <testcase classname="com.example.api.ApiTest" name="testInvalidEndpoint" time="0.090"/>
  <system-out/>
  <testcase classname="com.example.api.ApiTest" name="testPostRequest" time="0.216"/>
  <system-out/>
</testsuite> <!-- com.example.api.ApiTest -->
